<?xml version="1.0" encoding="UTF-8"?>
<testng-results ignored="0" total="1" passed="1" failed="0" skipped="0">
  <reporter-output>
  </reporter-output>
  <suite started-at="2022-01-30T01:52:48 IST" name="Default suite" finished-at="2022-01-30T01:52:54 IST" duration-ms="5894">
    <groups>
    </groups>
    <test started-at="2022-01-30T01:52:48 IST" name="Default test" finished-at="2022-01-30T01:52:54 IST" duration-ms="5894">
      <class name="test.TC01_get">
        <test-method signature="getweatherDetails()[pri:0, instance:test.TC01_get@6a84a97d]" started-at="2022-01-30T01:52:48 IST" name="getweatherDetails" finished-at="2022-01-30T01:52:54 IST" duration-ms="5828" status="PASS">
          <reporter-output>
          </reporter-output>
        </test-method> <!-- getweatherDetails -->
      </class> <!-- test.TC01_get -->
    </test> <!-- Default test -->
  </suite> <!-- Default suite -->
</testng-results>
